Using pre-set license
Built from '2020.3/staging' branch; Version is '2020.3.4f1 (0abb6314276a) revision 703331'; Using compiler version '192528614'; Build Type 'Release'
OS: 'Windows 10 Home; OS build 18362.778; Version 1903; 64bit' Language: 'en' Physical Memory: 16262 MB
BatchMode: 1, IsHumanControllingUs: 0, StartBugReporterOnCrash: 0, Is64bit: 1, IsPro: 0

 COMMAND LINE ARGUMENTS:
D:\Unity\2020.3.4f1\Editor\Unity.exe
-adb2
-batchMode
-noUpm
-name
AssetImportWorker0
-projectPath
D:/Repos/eta-allthecounters
-logFile
Logs/AssetImportWorker0.log
-srvPort
11228
Successfully changed project path to: D:/Repos/eta-allthecounters
D:/Repos/eta-allthecounters
Using Asset Import Pipeline V2.
Cannot set VR devices because the platform passed isn't supported by Unity.

Cannot set VR devices because the platform passed isn't supported by Unity.

Cannot set VR devices because the platform passed isn't supported by Unity.

Cannot set VR devices because the platform passed isn't supported by Unity.

Cannot set VR devices because the platform passed isn't supported by Unity.

Cannot set VR devices because the platform passed isn't supported by Unity.

Cannot set VR devices because the platform passed isn't supported by Unity.

Cannot set VR devices because the platform passed isn't supported by Unity.

Cannot set VR devices because the platform passed isn't supported by Unity.

Cannot set VR devices because the platform passed isn't supported by Unity.

Cannot set VR devices because the platform passed isn't supported by Unity.

Refreshing native plugins compatible for Editor in 37.09 ms, found 1 plugins.
Preloading 0 native plugins for Editor in 0.00 ms.
Initialize engine version: 2020.3.4f1 (0abb6314276a)
[Subsystems] Discovering subsystems at path D:/Unity/2020.3.4f1/Editor/Data/Resources/UnitySubsystems
[Subsystems] Discovering subsystems at path D:/Repos/eta-allthecounters/Assets
GfxDevice: creating device client; threaded=0
Direct3D:
    Version:  Direct3D 11.0 [level 11.1]
    Renderer: NVIDIA GeForce GTX 1080 (ID=0x1b80)
    Vendor:   
    VRAM:     8079 MB
    Driver:   27.21.14.6589
Initialize mono
Mono path[0] = 'D:/Unity/2020.3.4f1/Editor/Data/Managed'
Mono path[1] = 'D:/Unity/2020.3.4f1/Editor/Data/MonoBleedingEdge/lib/mono/unityjit'
Mono config path = 'D:/Unity/2020.3.4f1/Editor/Data/MonoBleedingEdge/etc'
Using monoOptions --debugger-agent=transport=dt_socket,embedding=1,server=y,suspend=n,address=127.0.0.1:56616
Begin MonoManager ReloadAssembly
Registering precompiled unity dll's ...
Register platform support module: D:/Unity/2020.3.4f1/Editor/Data/PlaybackEngines/WindowsStandaloneSupport/UnityEditor.WindowsStandalone.Extensions.dll
Registered in 0.000951 seconds.
Native extension for WindowsStandalone target not found
Refreshing native plugins compatible for Editor in 36.81 ms, found 1 plugins.
Preloading 0 native plugins for Editor in 0.00 ms.
Mono: successfully reloaded assembly
- Completed reload, in  1.770 seconds
Platform modules already initialized, skipping
Registering precompiled user dll's ...
Registered in 0.001328 seconds.
Begin MonoManager ReloadAssembly
Native extension for WindowsStandalone target not found
Refreshing native plugins compatible for Editor in 0.46 ms, found 1 plugins.
Preloading 0 native plugins for Editor in 0.00 ms.
Mono: successfully reloaded assembly
- Completed reload, in  0.985 seconds
Platform modules already initialized, skipping
========================================================================
Worker process is ready to serve import requests
Cannot set VR devices because the platform passed isn't supported by Unity.

Cannot set VR devices because the platform passed isn't supported by Unity.

Cannot set VR devices because the platform passed isn't supported by Unity.

Cannot set VR devices because the platform passed isn't supported by Unity.

Cannot set VR devices because the platform passed isn't supported by Unity.

Cannot set VR devices because the platform passed isn't supported by Unity.

Cannot set VR devices because the platform passed isn't supported by Unity.

Cannot set VR devices because the platform passed isn't supported by Unity.

Cannot set VR devices because the platform passed isn't supported by Unity.

Cannot set VR devices because the platform passed isn't supported by Unity.

Cannot set VR devices because the platform passed isn't supported by Unity.

Launched and connected shader compiler UnityShaderCompiler.exe after 0.07 seconds
Refreshing native plugins compatible for Editor in 0.43 ms, found 1 plugins.
Preloading 0 native plugins for Editor in 0.00 ms.
Unloading 1357 Unused Serialized files (Serialized files now loaded: 0)
System memory in use before: 79.4 MB.
System memory in use after: 71.5 MB.

Unloading 91 unused Assets to reduce memory usage. Loaded Objects now: 1717.
Total: 23.467900 ms (FindLiveObjects: 0.154700 ms CreateObjectMapping: 0.049000 ms MarkObjects: 19.767200 ms  DeleteObjects: 3.495400 ms)

========================================================================
Received Import Request.
  path: Assets/TrailMaterial.mat
  artifactKey: Guid(7e9bd77616ee01543bdbceb126e4d946) Importer(815301076,1909f56bfc062723c751e8b465ee728b)
Start importing Assets/TrailMaterial.mat using Guid(7e9bd77616ee01543bdbceb126e4d946) Importer(815301076,1909f56bfc062723c751e8b465ee728b)  -> (artifact id: '5ca153ea16dc89be83a7b1943f3a6b80') in 0.711228 seconds
  Import took 0.714987 seconds .

========================================================================
Received Import Request.
  Time since last request: 0.031057 seconds.
  path: Assets/New Material.mat
  artifactKey: Guid(d0513df00b259534c9747709aac2483f) Importer(815301076,1909f56bfc062723c751e8b465ee728b)
Start importing Assets/New Material.mat using Guid(d0513df00b259534c9747709aac2483f) Importer(815301076,1909f56bfc062723c751e8b465ee728b)  -> (artifact id: 'd16b2a498813c30320e8709756845c34') in 0.499430 seconds
  Import took 0.502835 seconds .

========================================================================
Received Import Request.
  Time since last request: 0.000193 seconds.
  path: Assets/yeha.mat
  artifactKey: Guid(5744b24e77c61cb4a9d1e71d7842b4e6) Importer(815301076,1909f56bfc062723c751e8b465ee728b)
Start importing Assets/yeha.mat using Guid(5744b24e77c61cb4a9d1e71d7842b4e6) Importer(815301076,1909f56bfc062723c751e8b465ee728b)  -> (artifact id: '4148e87a2871ec88a26a668cf6947214') in 0.015208 seconds
  Import took 0.018312 seconds .

========================================================================
Received Import Request.
  Time since last request: 0.000257 seconds.
  path: Assets/Hardwood Manor.prefab
  artifactKey: Guid(80b0728c9a6768242b94cd54d4f591d1) Importer(815301076,1909f56bfc062723c751e8b465ee728b)
Start importing Assets/Hardwood Manor.prefab using Guid(80b0728c9a6768242b94cd54d4f591d1) Importer(815301076,1909f56bfc062723c751e8b465ee728b)  -> (artifact id: '4671bb2152ef309fcc86238574abb81c') in 2.077942 seconds
  Import took 2.084701 seconds .

========================================================================
Received Import Request.
  Time since last request: 0.000223 seconds.
  path: Assets/CloudsMane.prefab
  artifactKey: Guid(5a4b7ab7ce87af34cb8cfef764053e8a) Importer(815301076,1909f56bfc062723c751e8b465ee728b)
Start importing Assets/CloudsMane.prefab using Guid(5a4b7ab7ce87af34cb8cfef764053e8a) Importer(815301076,1909f56bfc062723c751e8b465ee728b)  -> (artifact id: 'd70929bdddc75a3ca7c348c1e423b7a8') in 0.011995 seconds
  Import took 0.015437 seconds .

========================================================================
Received Import Request.
  Time since last request: 0.000185 seconds.
  path: Assets/FloatingIslandLevel.prefab
  artifactKey: Guid(365c48fd3a23dc442b86430d95a55ddd) Importer(815301076,1909f56bfc062723c751e8b465ee728b)
Start importing Assets/FloatingIslandLevel.prefab using Guid(365c48fd3a23dc442b86430d95a55ddd) Importer(815301076,1909f56bfc062723c751e8b465ee728b)  -> (artifact id: '94228a15d3851bf4005c03f38734e029') in 1.852484 seconds
  Import took 1.856505 seconds .

========================================================================
Received Import Request.
  Time since last request: 1.284824 seconds.
  path: Assets/MainMenu.unity
  artifactKey: Guid(35a2e35e5c0b4f44791e7de976b1e983) Importer(815301076,1909f56bfc062723c751e8b465ee728b)
Start importing Assets/MainMenu.unity using Guid(35a2e35e5c0b4f44791e7de976b1e983) Importer(815301076,1909f56bfc062723c751e8b465ee728b)  -> (artifact id: '9ef21805db2642cbd07cdb8669471655') in 0.006645 seconds
  Import took 0.009775 seconds .

========================================================================
Received Import Request.
  Time since last request: 0.115232 seconds.
  path: Assets/MainMenu.unity
  artifactKey: Guid(35a2e35e5c0b4f44791e7de976b1e983) Importer(815301076,1909f56bfc062723c751e8b465ee728b)
Start importing Assets/MainMenu.unity using Guid(35a2e35e5c0b4f44791e7de976b1e983) Importer(815301076,1909f56bfc062723c751e8b465ee728b)  -> (artifact id: '9ef21805db2642cbd07cdb8669471655') in 0.001927 seconds
  Import took 0.004654 seconds .

========================================================================
Received Prepare
Cannot set VR devices because the platform passed isn't supported by Unity.

Cannot set VR devices because the platform passed isn't supported by Unity.

Cannot set VR devices because the platform passed isn't supported by Unity.

Cannot set VR devices because the platform passed isn't supported by Unity.

Cannot set VR devices because the platform passed isn't supported by Unity.

Cannot set VR devices because the platform passed isn't supported by Unity.

Cannot set VR devices because the platform passed isn't supported by Unity.

Cannot set VR devices because the platform passed isn't supported by Unity.

Cannot set VR devices because the platform passed isn't supported by Unity.

Cannot set VR devices because the platform passed isn't supported by Unity.

Cannot set VR devices because the platform passed isn't supported by Unity.

Registering precompiled user dll's ...
Registered in 0.001625 seconds.
Begin MonoManager ReloadAssembly
Native extension for WindowsStandalone target not found
Refreshing native plugins compatible for Editor in 0.45 ms, found 1 plugins.
Preloading 0 native plugins for Editor in 0.00 ms.
Mono: successfully reloaded assembly
- Completed reload, in  0.882 seconds
Platform modules already initialized, skipping
Refreshing native plugins compatible for Editor in 0.45 ms, found 1 plugins.
Preloading 0 native plugins for Editor in 0.00 ms.
Unloading 1171 Unused Serialized files (Serialized files now loaded: 0)
System memory in use before: 70.4 MB.
System memory in use after: 70.1 MB.

Unloading 106 unused Assets to reduce memory usage. Loaded Objects now: 1677.
Total: 2.024500 ms (FindLiveObjects: 0.134900 ms CreateObjectMapping: 0.039800 ms MarkObjects: 1.513000 ms  DeleteObjects: 0.335900 ms)

========================================================================
Received Import Request.
  Time since last request: 194.655120 seconds.
  path: Assets/FloatingIslandLevel.prefab
  artifactKey: Guid(365c48fd3a23dc442b86430d95a55ddd) Importer(815301076,1909f56bfc062723c751e8b465ee728b)
Start importing Assets/FloatingIslandLevel.prefab using Guid(365c48fd3a23dc442b86430d95a55ddd) Importer(815301076,1909f56bfc062723c751e8b465ee728b)  -> (artifact id: 'bb5820b7546c51a49b5e75a018f95fb6') in 0.095016 seconds
  Import took 0.100548 seconds .

========================================================================
Received Prepare
Cannot set VR devices because the platform passed isn't supported by Unity.

Cannot set VR devices because the platform passed isn't supported by Unity.

Cannot set VR devices because the platform passed isn't supported by Unity.

Cannot set VR devices because the platform passed isn't supported by Unity.

Cannot set VR devices because the platform passed isn't supported by Unity.

Cannot set VR devices because the platform passed isn't supported by Unity.

Cannot set VR devices because the platform passed isn't supported by Unity.

Cannot set VR devices because the platform passed isn't supported by Unity.

Cannot set VR devices because the platform passed isn't supported by Unity.

Cannot set VR devices because the platform passed isn't supported by Unity.

Cannot set VR devices because the platform passed isn't supported by Unity.

Registering precompiled user dll's ...
Registered in 0.002971 seconds.
Begin MonoManager ReloadAssembly
Native extension for WindowsStandalone target not found
Refreshing native plugins compatible for Editor in 0.45 ms, found 1 plugins.
Preloading 0 native plugins for Editor in 0.00 ms.
Mono: successfully reloaded assembly
- Completed reload, in  1.028 seconds
Platform modules already initialized, skipping
Refreshing native plugins compatible for Editor in 0.47 ms, found 1 plugins.
Preloading 0 native plugins for Editor in 0.00 ms.
Unloading 1171 Unused Serialized files (Serialized files now loaded: 0)
System memory in use before: 70.1 MB.
System memory in use after: 69.8 MB.

Unloading 13 unused Assets to reduce memory usage. Loaded Objects now: 1681.
Total: 2.712400 ms (FindLiveObjects: 0.142900 ms CreateObjectMapping: 0.038000 ms MarkObjects: 2.090500 ms  DeleteObjects: 0.439900 ms)

========================================================================
Received Prepare
Cannot set VR devices because the platform passed isn't supported by Unity.

Cannot set VR devices because the platform passed isn't supported by Unity.

Cannot set VR devices because the platform passed isn't supported by Unity.

Cannot set VR devices because the platform passed isn't supported by Unity.

Cannot set VR devices because the platform passed isn't supported by Unity.

Cannot set VR devices because the platform passed isn't supported by Unity.

Cannot set VR devices because the platform passed isn't supported by Unity.

Cannot set VR devices because the platform passed isn't supported by Unity.

Cannot set VR devices because the platform passed isn't supported by Unity.

Cannot set VR devices because the platform passed isn't supported by Unity.

Cannot set VR devices because the platform passed isn't supported by Unity.

Registering precompiled user dll's ...
Registered in 0.002430 seconds.
Begin MonoManager ReloadAssembly
Native extension for WindowsStandalone target not found
Refreshing native plugins compatible for Editor in 0.43 ms, found 1 plugins.
Preloading 0 native plugins for Editor in 0.00 ms.
Mono: successfully reloaded assembly
- Completed reload, in  0.950 seconds
Platform modules already initialized, skipping
Refreshing native plugins compatible for Editor in 0.44 ms, found 1 plugins.
Preloading 0 native plugins for Editor in 0.00 ms.
Unloading 1171 Unused Serialized files (Serialized files now loaded: 0)
System memory in use before: 70.1 MB.
System memory in use after: 69.8 MB.

Unloading 13 unused Assets to reduce memory usage. Loaded Objects now: 1684.
Total: 2.105900 ms (FindLiveObjects: 0.132100 ms CreateObjectMapping: 0.037800 ms MarkObjects: 1.570300 ms  DeleteObjects: 0.364700 ms)

========================================================================
Received Import Request.
  Time since last request: 187.090215 seconds.
  path: Assets/Insane Level.unity
  artifactKey: Guid(63d23e4fe845bff42b4b5d350097541a) Importer(815301076,1909f56bfc062723c751e8b465ee728b)
Start importing Assets/Insane Level.unity using Guid(63d23e4fe845bff42b4b5d350097541a) Importer(815301076,1909f56bfc062723c751e8b465ee728b)  -> (artifact id: 'a23ca64d608ed588f181455e05357f3d') in 8.833157 seconds
  Import took 8.838095 seconds .

========================================================================
Received Import Request.
  Time since last request: 0.002989 seconds.
  path: Assets/Dick Level.unity
  artifactKey: Guid(c38668ca35553f8458d7c69ac8a842cc) Importer(815301076,1909f56bfc062723c751e8b465ee728b)
Start importing Assets/Dick Level.unity using Guid(c38668ca35553f8458d7c69ac8a842cc) Importer(815301076,1909f56bfc062723c751e8b465ee728b)  -> (artifact id: '01bf1ad084f5e47953c246b133b18dcf') in 0.008997 seconds
  Import took 0.016860 seconds .

========================================================================
Received Import Request.
  Time since last request: 0.003485 seconds.
  path: Assets/Dick Level.unity
  artifactKey: Guid(c38668ca35553f8458d7c69ac8a842cc) Importer(815301076,1909f56bfc062723c751e8b465ee728b)
Start importing Assets/Dick Level.unity using Guid(c38668ca35553f8458d7c69ac8a842cc) Importer(815301076,1909f56bfc062723c751e8b465ee728b)  -> (artifact id: '01bf1ad084f5e47953c246b133b18dcf') in 0.002854 seconds
  Import took 0.005835 seconds .

========================================================================
Received Prepare
Cannot set VR devices because the platform passed isn't supported by Unity.

Cannot set VR devices because the platform passed isn't supported by Unity.

Cannot set VR devices because the platform passed isn't supported by Unity.

Cannot set VR devices because the platform passed isn't supported by Unity.

Cannot set VR devices because the platform passed isn't supported by Unity.

Cannot set VR devices because the platform passed isn't supported by Unity.

Cannot set VR devices because the platform passed isn't supported by Unity.

Cannot set VR devices because the platform passed isn't supported by Unity.

Cannot set VR devices because the platform passed isn't supported by Unity.

Cannot set VR devices because the platform passed isn't supported by Unity.

Cannot set VR devices because the platform passed isn't supported by Unity.

Registering precompiled user dll's ...
Registered in 0.001643 seconds.
Begin MonoManager ReloadAssembly
Native extension for WindowsStandalone target not found
Refreshing native plugins compatible for Editor in 0.47 ms, found 1 plugins.
Preloading 0 native plugins for Editor in 0.00 ms.
Mono: successfully reloaded assembly
- Completed reload, in  0.994 seconds
Platform modules already initialized, skipping
Refreshing native plugins compatible for Editor in 0.44 ms, found 1 plugins.
Preloading 0 native plugins for Editor in 0.00 ms.
Unloading 1171 Unused Serialized files (Serialized files now loaded: 0)
System memory in use before: 70.2 MB.
System memory in use after: 69.8 MB.

Unloading 13 unused Assets to reduce memory usage. Loaded Objects now: 1687.
Total: 2.150400 ms (FindLiveObjects: 0.144600 ms CreateObjectMapping: 0.039500 ms MarkObjects: 1.581800 ms  DeleteObjects: 0.383100 ms)

========================================================================
Received Import Request.
  Time since last request: 140.489712 seconds.
  path: Assets/Floating Level.unity
  artifactKey: Guid(6cd3a079df4776741bfbaacebfdd1fe2) Importer(815301076,1909f56bfc062723c751e8b465ee728b)
Start importing Assets/Floating Level.unity using Guid(6cd3a079df4776741bfbaacebfdd1fe2) Importer(815301076,1909f56bfc062723c751e8b465ee728b)  -> (artifact id: 'f881e5b86dab82d7e83e14278b684cc0') in 0.016064 seconds
  Import took 0.019251 seconds .

========================================================================
Received Import Request.
  Time since last request: 2.229829 seconds.
  path: Assets/Level Select.unity
  artifactKey: Guid(d20d761e65fb3474990cbaaf27935a1e) Importer(815301076,1909f56bfc062723c751e8b465ee728b)
Start importing Assets/Level Select.unity using Guid(d20d761e65fb3474990cbaaf27935a1e) Importer(815301076,1909f56bfc062723c751e8b465ee728b)  -> (artifact id: '43f7d943fc48c9058ee3d9583411e302') in 0.006565 seconds
  Import took 0.009124 seconds .

========================================================================
Received Import Request.
  Time since last request: 0.850713 seconds.
  path: Assets/Test Scene.unity
  artifactKey: Guid(6fdaa262d11306442a5b666d6b62e59a) Importer(815301076,1909f56bfc062723c751e8b465ee728b)
Start importing Assets/Test Scene.unity using Guid(6fdaa262d11306442a5b666d6b62e59a) Importer(815301076,1909f56bfc062723c751e8b465ee728b)  -> (artifact id: 'c5990ec1fe0c9655330392a40d17a0ba') in 0.006472 seconds
  Import took 0.008994 seconds .

========================================================================
Received Prepare
Cannot set VR devices because the platform passed isn't supported by Unity.

Cannot set VR devices because the platform passed isn't supported by Unity.

Cannot set VR devices because the platform passed isn't supported by Unity.

Cannot set VR devices because the platform passed isn't supported by Unity.

Cannot set VR devices because the platform passed isn't supported by Unity.

Cannot set VR devices because the platform passed isn't supported by Unity.

Cannot set VR devices because the platform passed isn't supported by Unity.

Cannot set VR devices because the platform passed isn't supported by Unity.

Cannot set VR devices because the platform passed isn't supported by Unity.

Cannot set VR devices because the platform passed isn't supported by Unity.

Cannot set VR devices because the platform passed isn't supported by Unity.

Registering precompiled user dll's ...
Registered in 0.001937 seconds.
Begin MonoManager ReloadAssembly
Native extension for WindowsStandalone target not found
Refreshing native plugins compatible for Editor in 0.43 ms, found 1 plugins.
Preloading 0 native plugins for Editor in 0.00 ms.
Mono: successfully reloaded assembly
- Completed reload, in  0.945 seconds
Platform modules already initialized, skipping
Refreshing native plugins compatible for Editor in 0.49 ms, found 1 plugins.
Preloading 0 native plugins for Editor in 0.00 ms.
Unloading 1171 Unused Serialized files (Serialized files now loaded: 0)
System memory in use before: 70.1 MB.
System memory in use after: 69.9 MB.

Unloading 13 unused Assets to reduce memory usage. Loaded Objects now: 1690.
Total: 2.113900 ms (FindLiveObjects: 0.143000 ms CreateObjectMapping: 0.038400 ms MarkObjects: 1.554400 ms  DeleteObjects: 0.377400 ms)

